<?xml version="1.0" encoding="UTF-8"?>
<!-- Generated by org.testng.reporters.JUnitReportReporter -->
<testsuite skipped="0" hostname="lenovo-PC" name="TestCustomer" tests="1" failures="0" timestamp="05 三月 2019 05:07:09 GMT" time="101.695" errors="0">
  <testcase name="testEditProfile" time="101.695" classname="TestCustomer"/>
</testsuite> <!-- TestCustomer -->
