<?xml version="1.0" encoding="UTF-8"?>
<!-- Generated by org.testng.reporters.JUnitReportReporter -->
<testsuite skipped="0" hostname="lenovo-PC" name="TestCustomer" tests="1" failures="0" timestamp="07 三月 2019 00:23:50 GMT" time="44.396" errors="0">
  <testcase name="testEditProfile" time="44.396" classname="TestCustomer"/>
</testsuite> <!-- TestCustomer -->
