<?xml version="1.0" encoding="UTF-8"?>
<!-- Generated by org.testng.reporters.JUnitReportReporter -->
<testsuite skipped="0" hostname="lenovo-PC" name="TestProvider" tests="1" failures="0" timestamp="10 Mar 2019 09:19:35 GMT" time="59.551" errors="0">
  <testcase name="testDeleteExternalOrder" time="59.551" classname="TestProvider"/>
</testsuite> <!-- TestProvider -->
