<?xml version="1.0" encoding="UTF-8"?>
<!-- Generated by org.testng.reporters.JUnitReportReporter -->
<testsuite skipped="0" hostname="lenovo-PC" name="TestCustomer" tests="1" failures="0" timestamp="09 Mar 2019 04:12:44 GMT" time="141.791" errors="0">
  <testcase name="testBookService" time="141.791" classname="TestCustomer"/>
</testsuite> <!-- TestCustomer -->
