<?xml version="1.0" encoding="UTF-8"?>
<!-- Generated by org.testng.reporters.JUnitReportReporter -->
<testsuite skipped="0" hostname="lenovo-PC" name="TestCustomer" tests="2" failures="0" timestamp="14 一月 2019 03:46:58 GMT" time="9.959" errors="0">
  <testcase name="testHomePage" time="3.209" classname="TestCustomer"/>
  <testcase name="testRegisterPage" time="6.750" classname="TestCustomer"/>
</testsuite> <!-- com.service365.test22.TestCustomeromer -->
