<?xml version="1.0" encoding="UTF-8"?>
<!-- Generated by org.testng.reporters.JUnitReportReporter -->
<testsuite skipped="0" hostname="lenovo-PC" name="com.service365.test.TestOrder" tests="2" failures="0" timestamp="08 一月 2019 09:32:45 GMT" time="47.168" errors="0">
  <testcase name="testLoginPage" time="2.149" classname="com.service365.test.TestOrder"/>
  <testcase name="testCancelOrder" time="45.019" classname="com.service365.test.TestOrder"/>
</testsuite> <!-- com.service365.test.TestOrder -->
